<?xml version="1.0" encoding="utf-8"?>
<TestRun id="a94b1f77-7549-4141-8630-b63113f30edc" name="@MacBookPro 2026-03-30 16:18:46" xmlns="http://microsoft.com/schemas/VisualStudio/TeamTest/2010">
  <Times creation="2026-03-30T16:18:46.4689480-03:00" queuing="2026-03-30T16:18:46.4689490-03:00" start="2026-03-30T16:18:38.5417400-03:00" finish="2026-03-30T16:18:46.7455600-03:00" />
  <TestSettings name="default" id="e2d35e75-f867-4f44-b3a0-c43bb89fb4c4">
    <Deployment runDeploymentRoot="_MacBookPro_2026-03-30_16_18_46" />
  </TestSettings>
  <Results>
    <UnitTestResult executionId="375cf291-928c-4571-8d50-528d56f6a6cf" testId="3286ca60-eb7d-9827-aa8f-c8205a1ebbcc" testName="Core.Tests.Integration.CreateCustomerUseCaseIntegrationTests.ExecuteAsync_WithInvalidCpf_ShouldThrowException" computerName="MacBookPro" duration="00:00:00.0128947" startTime="2026-03-30T16:18:45.8054220-03:00" endTime="2026-03-30T16:18:45.8054220-03:00" testType="13cdc9d9-ddb5-4fa4-a97d-d965ccfc6d4b" outcome="Passed" testListId="8c84fa94-04c1-424b-9868-57a2d4851a1d" relativeResultsDirectory="375cf291-928c-4571-8d50-528d56f6a6cf" />
    <UnitTestResult executionId="c66b1ef7-03de-4a4b-861f-99c1dc40d985" testId="5ab9a0de-bc8a-2d70-050c-600572c406a3" testName="Core.Tests.Integration.CreateCustomerUseCaseIntegrationTests.ExecuteAsync_WithValidData_ShouldCreateCustomer" computerName="MacBookPro" duration="00:00:00.9807608" startTime="2026-03-30T16:18:45.7872380-03:00" endTime="2026-03-30T16:18:45.7873320-03:00" testType="13cdc9d9-ddb5-4fa4-a97d-d965ccfc6d4b" outcome="Passed" testListId="8c84fa94-04c1-424b-9868-57a2d4851a1d" relativeResultsDirectory="c66b1ef7-03de-4a4b-861f-99c1dc40d985" />
    <UnitTestResult executionId="949bf2c1-7f4c-4027-8227-8ac3d26b59d6" testId="4b83c82e-132e-c46b-1045-887bbab4c23b" testName="Core.Tests.Integration.CreateCustomerUseCaseIntegrationTests.ExecuteAsync_WithMultipleCustomers_ShouldCreateAllCorrectly" computerName="MacBookPro" duration="00:00:00.6897223" startTime="2026-03-30T16:18:46.4871120-03:00" endTime="2026-03-30T16:18:46.4871130-03:00" testType="13cdc9d9-ddb5-4fa4-a97d-d965ccfc6d4b" outcome="Passed" testListId="8c84fa94-04c1-424b-9868-57a2d4851a1d" relativeResultsDirectory="949bf2c1-7f4c-4027-8227-8ac3d26b59d6" />
  </Results>
  <TestDefinitions>
    <UnitTest name="Core.Tests.Integration.CreateCustomerUseCaseIntegrationTests.ExecuteAsync_WithInvalidCpf_ShouldThrowException" storage="/users/fabianocarneiro/bankingcoremicroservice/tests/core.tests/bin/debug/net10.0/core.tests.dll" id="3286ca60-eb7d-9827-aa8f-c8205a1ebbcc">
      <Execution id="375cf291-928c-4571-8d50-528d56f6a6cf" />
      <TestMethod codeBase="/Users/fabianocarneiro/BankingCoreMicroservice/tests/Core.Tests/bin/Debug/net10.0/Core.Tests.dll" adapterTypeName="executor://xunit/VsTestRunner2/netcoreapp" className="Core.Tests.Integration.CreateCustomerUseCaseIntegrationTests" name="ExecuteAsync_WithInvalidCpf_ShouldThrowException" />
    </UnitTest>
    <UnitTest name="Core.Tests.Integration.CreateCustomerUseCaseIntegrationTests.ExecuteAsync_WithMultipleCustomers_ShouldCreateAllCorrectly" storage="/users/fabianocarneiro/bankingcoremicroservice/tests/core.tests/bin/debug/net10.0/core.tests.dll" id="4b83c82e-132e-c46b-1045-887bbab4c23b">
      <Execution id="949bf2c1-7f4c-4027-8227-8ac3d26b59d6" />
      <TestMethod codeBase="/Users/fabianocarneiro/BankingCoreMicroservice/tests/Core.Tests/bin/Debug/net10.0/Core.Tests.dll" adapterTypeName="executor://xunit/VsTestRunner2/netcoreapp" className="Core.Tests.Integration.CreateCustomerUseCaseIntegrationTests" name="ExecuteAsync_WithMultipleCustomers_ShouldCreateAllCorrectly" />
    </UnitTest>
    <UnitTest name="Core.Tests.Integration.CreateCustomerUseCaseIntegrationTests.ExecuteAsync_WithValidData_ShouldCreateCustomer" storage="/users/fabianocarneiro/bankingcoremicroservice/tests/core.tests/bin/debug/net10.0/core.tests.dll" id="5ab9a0de-bc8a-2d70-050c-600572c406a3">
      <Execution id="c66b1ef7-03de-4a4b-861f-99c1dc40d985" />
      <TestMethod codeBase="/Users/fabianocarneiro/BankingCoreMicroservice/tests/Core.Tests/bin/Debug/net10.0/Core.Tests.dll" adapterTypeName="executor://xunit/VsTestRunner2/netcoreapp" className="Core.Tests.Integration.CreateCustomerUseCaseIntegrationTests" name="ExecuteAsync_WithValidData_ShouldCreateCustomer" />
    </UnitTest>
  </TestDefinitions>
  <TestEntries>
    <TestEntry testId="3286ca60-eb7d-9827-aa8f-c8205a1ebbcc" executionId="375cf291-928c-4571-8d50-528d56f6a6cf" testListId="8c84fa94-04c1-424b-9868-57a2d4851a1d" />
    <TestEntry testId="5ab9a0de-bc8a-2d70-050c-600572c406a3" executionId="c66b1ef7-03de-4a4b-861f-99c1dc40d985" testListId="8c84fa94-04c1-424b-9868-57a2d4851a1d" />
    <TestEntry testId="4b83c82e-132e-c46b-1045-887bbab4c23b" executionId="949bf2c1-7f4c-4027-8227-8ac3d26b59d6" testListId="8c84fa94-04c1-424b-9868-57a2d4851a1d" />
  </TestEntries>
  <TestLists>
    <TestList name="Results Not in a List" id="8c84fa94-04c1-424b-9868-57a2d4851a1d" />
    <TestList name="All Loaded Results" id="19431567-8539-422a-85d7-44ee4e166bda" />
  </TestLists>
  <ResultSummary outcome="Completed">
    <Counters total="3" executed="3" passed="3" failed="0" error="0" timeout="0" aborted="0" inconclusive="0" passedButRunAborted="0" notRunnable="0" notExecuted="0" disconnected="0" warning="0" completed="0" inProgress="0" pending="0" />
    <Output>
      <StdOut>[xUnit.net 00:00:00.01] xUnit.net VSTest Adapter v2.5.4.1+b9eacec401 (64-bit .NET 10.0.5)
[xUnit.net 00:00:00.28]   Discovering: Core.Tests
[xUnit.net 00:00:00.40]   Discovered:  Core.Tests
[xUnit.net 00:00:00.43]   Starting:    Core.Tests
[xUnit.net 00:00:05.90]   Finished:    Core.Tests
</StdOut>
    </Output>
  </ResultSummary>
</TestRun>